2024-03-02 14:22:12 INFO  Log:12 - --------------------------------------------LogoTest started------------------------------------
2024-03-02 14:22:12 INFO  Log:22 - Logo is visible
2024-03-02 14:22:16 INFO  Log:17 - --------------------------------------------Logo Test ended------------------------------------
2024-03-02 15:01:15 INFO  Log:12 - --------------------------------------------LogoTest started------------------------------------
2024-03-02 15:01:15 INFO  Log:22 - Logo is visible
2024-03-02 15:01:19 INFO  Log:17 - --------------------------------------------Logo Test ended------------------------------------
2024-03-02 15:09:42 INFO  Log:12 - --------------------------------------------LogoTest started------------------------------------
2024-03-02 15:09:42 INFO  Log:22 - Logo is visible
2024-03-02 15:09:46 INFO  Log:17 - --------------------------------------------Logo Test ended------------------------------------
2024-03-02 15:09:48 INFO  Log:12 - --------------------------------------------LoginTest started------------------------------------
2024-03-02 15:09:48 INFO  Log:22 - Enter Username and Password
2024-03-02 15:09:55 INFO  Log:22 -  Login Successful
2024-03-02 15:09:55 INFO  Log:17 - --------------------------------------------LoginTest ended------------------------------------
2024-03-02 15:19:09 INFO  Log:12 - --------------------------------------------LogoTest started------------------------------------
2024-03-02 15:19:11 INFO  Log:12 - --------------------------------------------LoginTest started------------------------------------
2024-03-02 15:19:11 INFO  Log:22 - Enter Username and Password
2024-03-02 15:19:18 INFO  Log:22 -  Login Successful
2024-03-02 15:19:18 INFO  Log:17 - --------------------------------------------LoginTest ended------------------------------------
2024-03-02 15:20:40 INFO  Log:12 - --------------------------------------------LogoTest started------------------------------------
2024-03-02 15:20:41 INFO  Log:12 - --------------------------------------------LoginTest started------------------------------------
2024-03-02 15:20:42 INFO  Log:22 - Enter Username and Password
2024-03-02 15:20:48 INFO  Log:22 -  Login Successful
2024-03-02 15:20:48 INFO  Log:17 - --------------------------------------------LoginTest ended------------------------------------
2024-03-02 15:29:36 INFO  Log:12 - --------------------------------------------LogoTest started------------------------------------
2024-03-02 15:29:36 INFO  Log:22 - Logo is visible
2024-03-02 15:29:40 INFO  Log:17 - --------------------------------------------Logo Test ended------------------------------------
2024-03-02 15:29:42 INFO  Log:12 - --------------------------------------------LoginTest started------------------------------------
2024-03-02 15:29:42 INFO  Log:22 - Enter Username and Password
2024-03-02 15:29:49 INFO  Log:22 -  Login Successful
2024-03-02 15:29:49 INFO  Log:17 - --------------------------------------------LoginTest ended------------------------------------
2024-03-02 16:55:22 INFO  Log:12 - --------------------------------------------LogoTest started------------------------------------
2024-03-02 16:55:23 INFO  Log:22 - Logo is visible
2024-03-02 16:55:27 INFO  Log:17 - --------------------------------------------Logo Test ended------------------------------------
2024-03-02 16:55:28 INFO  Log:12 - --------------------------------------------LoginTest started------------------------------------
2024-03-02 16:55:28 INFO  Log:22 - Enter Username and Password
2024-03-02 16:55:35 INFO  Log:22 -  Login Successful
2024-03-02 16:55:35 INFO  Log:17 - --------------------------------------------LoginTest ended------------------------------------
2024-03-02 16:56:49 INFO  Log:12 - --------------------------------------------LogoTest started------------------------------------
2024-03-02 16:56:49 INFO  Log:22 - Logo is visible
2024-03-02 16:56:53 INFO  Log:17 - --------------------------------------------Logo Test ended------------------------------------
2024-03-02 16:56:54 INFO  Log:12 - --------------------------------------------LoginTest started------------------------------------
2024-03-02 16:56:54 INFO  Log:22 - Enter Username and Password
2024-03-02 16:57:01 INFO  Log:22 -  Login Successful
2024-03-02 16:57:01 INFO  Log:17 - --------------------------------------------LoginTest ended------------------------------------
2024-03-02 16:59:23 INFO  Log:12 - --------------------------------------------LogoTest started------------------------------------
2024-03-02 16:59:23 INFO  Log:22 - Logo is visible
2024-03-02 16:59:27 INFO  Log:17 - --------------------------------------------Logo Test ended------------------------------------
2024-03-02 16:59:29 INFO  Log:12 - --------------------------------------------LoginTest started------------------------------------
2024-03-02 16:59:29 INFO  Log:22 - Enter Username and Password
2024-03-02 16:59:35 INFO  Log:22 -  Login Successful
2024-03-02 16:59:35 INFO  Log:17 - --------------------------------------------LoginTest ended------------------------------------
2024-03-02 17:09:10 INFO  Log:12 - --------------------------------------------LogoTest started------------------------------------
2024-03-02 17:09:10 INFO  Log:22 - Logo is visible
2024-03-02 17:09:14 INFO  Log:17 - --------------------------------------------Logo Test ended------------------------------------
2024-03-02 17:09:16 INFO  Log:12 - --------------------------------------------LoginTest started------------------------------------
2024-03-02 17:09:16 INFO  Log:22 - Enter Username and Password
2024-03-02 17:09:23 INFO  Log:22 -  Login Successful
2024-03-02 17:09:23 INFO  Log:17 - --------------------------------------------LoginTest ended------------------------------------
2024-03-02 17:18:54 INFO  Log:12 - --------------------------------------------LogoTest started------------------------------------
2024-03-02 17:18:55 INFO  Log:22 - Logo is visible
2024-03-02 17:18:59 INFO  Log:17 - --------------------------------------------Logo Test ended------------------------------------
2024-03-02 17:19:00 INFO  Log:12 - --------------------------------------------LoginTest started------------------------------------
2024-03-02 17:19:00 INFO  Log:22 - Enter Username and Password
2024-03-02 17:19:07 INFO  Log:22 -  Login Successful
2024-03-02 17:19:07 INFO  Log:17 - --------------------------------------------LoginTest ended------------------------------------
